[2026-06-30 12:15:58] INFO     fyjc.loader: Loading from CSV: C:\Users\arpit\Downloads\fyjc_cutoff_analyzer\fyjc_analyzer\data\raw\fyjc_demo.csv
[2026-06-30 12:15:58] INFO     fyjc.loader: Reading CSV in chunks of 100,000 rows...
[2026-06-30 12:15:58] INFO     fyjc.loader:   Loaded chunk 1: 10,000 rows total
[2026-06-30 12:15:58] INFO     fyjc.loader: CSV load complete: 10,000 rows loaded
[2026-06-30 12:15:58] INFO     fyjc.loader: Parquet cache saved: C:\Users\arpit\Downloads\fyjc_cutoff_analyzer\fyjc_analyzer\data\processed\fyjc_cutoff_cache.parquet (0.5 MB)
[2026-06-30 12:15:58] INFO     fyjc.loader: DataFrame ready | Rows: 10,000 | Cols: 23 | Memory: 1.5 MB
[2026-06-30 12:15:58] INFO     fyjc.preprocessor: Starting preprocessing pipeline...
[2026-06-30 12:15:59] INFO     fyjc.preprocessor: Preprocessing complete | Original: 10,000 | Final: 10,000 | Dropped: 0
[2026-06-30 12:15:59] INFO     fyjc.database: DuckDB initialized with 10,000 rows as table 'fyjc'
[2026-06-30 12:27:34] INFO     fyjc.filter_engine: Filter returned 10,000 rows
[2026-06-30 12:27:34] INFO     fyjc.analyzer: Analysis complete | Total: 2979 | Safe: 1351 | Moderate: 758 | Dream: 870
[2026-06-30 12:29:20] INFO     fyjc.exporter: Excel exported: C:\Users\arpit\Downloads\fyjc_cutoff_analyzer\fyjc_analyzer\data\exports\FYJC_Results_All_General_20260630_122919.xlsx
[2026-06-30 12:35:33] INFO     fyjc.loader: Loading from Parquet cache: C:\Users\arpit\Downloads\fyjc_cutoff_analyzer\fyjc_analyzer\data\processed\fyjc_cutoff_cache.parquet
[2026-06-30 12:35:33] INFO     fyjc.loader: Parquet cache loaded: 10,000 rows
[2026-06-30 12:35:33] INFO     fyjc.loader: DataFrame ready | Rows: 10,000 | Cols: 23 | Memory: 1.4 MB
[2026-06-30 12:35:33] INFO     fyjc.preprocessor: Starting preprocessing pipeline...
[2026-06-30 12:35:33] INFO     fyjc.preprocessor: Preprocessing complete | Original: 10,000 | Final: 10,000 | Dropped: 0
[2026-06-30 12:35:34] INFO     fyjc.database: DuckDB initialized with 10,000 rows as table 'fyjc'
[2026-06-30 12:36:54] INFO     fyjc.filter_engine: Filter returned 10,000 rows
[2026-06-30 12:36:54] INFO     fyjc.analyzer: Analysis complete | Total: 2979 | Safe: 2479 | Moderate: 280 | Dream: 220
[2026-06-30 13:10:23] INFO     fyjc.loader: Loading from Parquet cache: C:\Users\arpit\Downloads\fyjc_cutoff_analyzer\fyjc_analyzer\data\processed\fyjc_cutoff_cache.parquet
[2026-06-30 13:10:24] INFO     fyjc.loader: Parquet cache loaded: 10,000 rows
[2026-06-30 13:10:24] INFO     fyjc.loader: DataFrame ready | Rows: 10,000 | Cols: 23 | Memory: 1.4 MB
[2026-06-30 13:10:24] INFO     fyjc.preprocessor: Starting preprocessing pipeline...
[2026-06-30 13:10:24] INFO     fyjc.preprocessor: Preprocessing complete | Original: 10,000 | Final: 10,000 | Dropped: 0
[2026-06-30 13:10:24] INFO     fyjc.database: DuckDB initialized with 10,000 rows as table 'fyjc'
[2026-06-30 13:12:59] INFO     fyjc.filter_engine: Filter returned 10,000 rows
[2026-06-30 13:12:59] INFO     fyjc.analyzer: Analysis complete | Total: 2979 | Safe: 1220 | Moderate: 822 | Dream: 937
